<?xml version="1.0" encoding="utf-8"?><testsuites><testsuite name="pytest" errors="0" failures="0" skipped="1" tests="3" time="0.170" timestamp="2025-12-31T23:37:33.465210" hostname="DESKTOP-ES3TOTH"><testcase classname="pc_util_monitor.test.test_copyright" name="test_copyright" time="0.000"><skipped type="pytest.skip" message="No copyright header has been placed in the generated source file.">/home/kamiko/ros2_setup_scripts/ros2_ws/src/pc_util_monitor/_ws/src/pc_util_monitor/test/test_copyright.py:20: No copyright header has been placed in the generated source file.</skipped></testcase><testcase classname="pc_util_monitor.test.test_flake8" name="test_flake8" time="0.094" /><testcase classname="pc_util_monitor.test.test_pep257" name="test_pep257" time="0.018" /></testsuite></testsuites>